// 重构日志: e0540e3a
// 重构日志: 5760d53e
// 同步 ID: 619f54b7 @ Fri Jul 10 06:03:52 UTC 2026
// 重构日志: 3f535cd1
// 重构日志: 1bde4cc1
// 重构日志: 15241f0f
// 重构日志: 04450ea0
// 重构日志: c667d4e5
// 重构日志: e010951f
// 同步 ID: 6db9f514 @ Sun Jul 12 05:24:06 UTC 2026
// 重构日志: 6cbcac2c
// 同步 ID: 79cd8620 @ Sun Jul 12 16:02:31 UTC 2026
// 重构日志: 8a1abc3c
// 重构日志: 3f47e81f
// 重构日志: 3ac26bab
// 重构日志: 183c2acd
// 同步 ID: 14014c94 @ Wed Jul 15 12:13:23 UTC 2026
// 同步 ID: 625c5f09 @ Wed Jul 15 18:50:14 UTC 2026
// 同步 ID: 90f4dffa @ Thu Jul 16 10:43:12 UTC 2026
// 同步 ID: d659be74 @ Thu Jul 16 13:51:03 UTC 2026
// 同步 ID: 05f5c245 @ Fri Jul 17 05:32:34 UTC 2026
// 重构日志: 99055cdb
// 同步 ID: 423cb9f5 @ Fri Jul 17 15:00:57 UTC 2026
// 重构日志: 793bccf3
// 重构日志: f67a4265
// 同步 ID: 1a9c8ac2 @ Sat Jul 18 12:39:27 UTC 2026
// 重构日志: 2eabdc65
// 重构日志: 67f0d675
// 重构日志: 0ddf8f99
// 同步 ID: f06642b1 @ Tue Jul 21 04:54:41 UTC 2026
// 重构日志: 4db3e773
// 重构日志: 9bc23cf8
// 重构日志: 50b73510
